17:47:03.635 [main] INFO  testCase.TC003_login - got all the bikes which is less than 4lac with the name, price and launch date
17:47:05.854 [main] INFO  testCase.TC003_login - reached the home page
17:47:09.508 [main] INFO  testCase.TC003_login - mouse hovered on used Cars and selected chenai location 
17:47:20.569 [main] INFO  testCase.TC003_login - got all the popular models and navigated back to homepage
17:49:13.539 [main] INFO  testCase.TC003_login - mouse hovered on New Bikes
17:49:45.596 [main] INFO  testCase.TC003_login - clicked on upcoming Bikes
17:50:25.998 [main] INFO  testCase.TC003_login - clicked on dropdown button of manufacturers and select honda 
17:50:26.502 [main] INFO  testCase.TC003_login - clicked on view more to see all bikes available
17:50:32.301 [main] INFO  testCase.TC003_login - got all the bikes which is less than 4lac with the name, price and launch date
17:50:35.227 [main] INFO  testCase.TC003_login - reached the home page
17:51:07.332 [main] INFO  testCase.TC003_login - mouse hovered on used Cars and selected chenai location 
17:51:10.643 [main] INFO  testCase.TC003_login - got all the popular models and navigated back to homepage
17:51:14.061 [main] INFO  testCase.TC003_login - clicked on login button
17:51:18.532 [main] INFO  testCase.TC003_login - login through google and the error message is captured
18:08:37.778 [main] INFO  testCase.TC003_login - got all the popular models and navigated back to homepage
18:19:16.266 [main] INFO  testCase.TC003_login - mouse hovered on New Bikes
18:19:48.879 [main] INFO  testCase.TC003_login - clicked on upcoming Bikes
18:20:42.225 [main] INFO  testCase.TC003_login - clicked on dropdown button of manufacturers and select honda 
18:20:46.734 [main] INFO  testCase.TC003_login - clicked on view more to see all bikes available
18:20:50.619 [main] INFO  testCase.TC003_login - got all the bikes which is less than 4lac with the name, price and launch date
18:20:52.686 [main] INFO  testCase.TC003_login - reached the home page
18:21:25.705 [main] INFO  testCase.TC003_login - mouse hovered on used Cars and selected chenai location 
18:21:28.228 [main] INFO  testCase.TC003_login - got all the popular models and navigated back to homepage
18:21:31.513 [main] INFO  testCase.TC003_login - clicked on login button
18:21:36.553 [main] INFO  testCase.TC003_login - login through google and the error message is captured
18:24:08.613 [main] INFO  testCase.TC003_login - mouse hovered on New Bikes
18:24:10.352 [main] INFO  testCase.TC003_login - clicked on upcoming Bikes
18:24:20.374 [main] INFO  testCase.TC003_login - clicked on dropdown button of manufacturers and select honda 
18:24:21.593 [main] INFO  testCase.TC003_login - clicked on view more to see all bikes available
18:24:35.899 [main] INFO  testCase.TC003_login - got all the bikes which is less than 4lac with the name, price and launch date
18:24:40.645 [main] INFO  testCase.TC003_login - reached the home page
18:25:04.385 [main] INFO  testCase.TC003_login - mouse hovered on used Cars and selected chenai location 
18:25:07.848 [main] INFO  testCase.TC003_login - got all the popular models and navigated back to homepage
18:25:11.809 [main] INFO  testCase.TC003_login - clicked on login button
18:25:17.487 [main] INFO  testCase.TC003_login - login through google and the error message is captured
18:30:43.462 [main] INFO  testCase.TC002_usedCars - mouse hovered on New Bikes
18:30:45.857 [main] INFO  testCase.TC002_usedCars - clicked on upcoming Bikes
18:31:36.929 [main] INFO  testCase.TC002_usedCars - clicked on dropdown button of manufacturers and select honda 
18:31:37.506 [main] INFO  testCase.TC002_usedCars - clicked on view more to see all bikes available
18:31:51.064 [main] INFO  testCase.TC002_usedCars - got all the bikes which is less than 4lac with the name, price and launch date
18:31:59.928 [main] INFO  testCase.TC002_usedCars - reached the home page
18:32:27.526 [main] INFO  testCase.TC002_usedCars - mouse hovered on used Cars and selected chenai location 
18:32:32.255 [main] INFO  testCase.TC002_usedCars - got all the popular models and navigated back to homepage
18:49:46.515 [main] INFO  testCase.TC002_usedCars - mouse hovered on New Bikes
18:49:48.079 [main] INFO  testCase.TC002_usedCars - clicked on upcoming Bikes
18:49:57.442 [main] INFO  testCase.TC002_usedCars - clicked on dropdown button of manufacturers and select honda 
18:49:58.469 [main] INFO  testCase.TC002_usedCars - clicked on view more to see all bikes available
18:50:06.339 [main] INFO  testCase.TC002_usedCars - got all the bikes which is less than 4lac with the name, price and launch date
18:50:08.623 [main] INFO  testCase.TC002_usedCars - reached the home page
18:50:20.986 [main] INFO  testCase.TC002_usedCars - mouse hovered on used Cars and selected chenai location 
18:50:24.161 [main] INFO  testCase.TC002_usedCars - got all the popular models and navigated back to homepage
